\BOOKMARK [3][-]{section*.1}{\376\377\000I\000n\000s\000t\000r\000u\000c\000t\000i\000o\000n\000s\000\040\000f\000o\000r\000\040\000a\000l\000l\000\040\000a\000s\000s\000i\000g\000n\000m\000e\000n\000t\000s}{}% 1
\BOOKMARK [1][-]{section*.2}{\376\377\000A\000s\000s\000i\000g\000n\000m\000e\000n\000t\000\040\0001}{}% 2
\BOOKMARK [2][-]{section*.3}{\376\377\000P\000r\000o\000b\000l\000e\000m\000\040\0001}{section*.2}% 3
\BOOKMARK [3][-]{section*.4}{\376\377\000P\000r\000o\000b\000l\000e\000m\000\040\0002}{section*.3}% 4
\BOOKMARK [3][-]{section*.5}{\376\377\000P\000r\000o\000b\000l\000e\000m\000\040\0003}{section*.3}% 5
\BOOKMARK [3][-]{section*.6}{\376\377\000P\000r\000o\000b\000l\000e\000m\000\040\0004}{section*.3}% 6
\BOOKMARK [3][-]{section*.7}{\376\377\000P\000r\000o\000b\000l\000e\000m\000\040\0005}{section*.3}% 7
\BOOKMARK [3][-]{section*.8}{\376\377\000P\000r\000o\000b\000l\000e\000m\000\040\0006}{section*.3}% 8
\BOOKMARK [3][-]{section*.9}{\376\377\000P\000r\000o\000b\000l\000e\000m\000\040\0007}{section*.3}% 9
\BOOKMARK [3][-]{section*.10}{\376\377\000P\000r\000o\000b\000l\000e\000m\000\040\0008}{section*.3}% 10
\BOOKMARK [1][-]{section*.11}{\376\377\000A\000s\000s\000i\000g\000n\000m\000e\000n\000t\000\040\0002}{}% 11
\BOOKMARK [2][-]{section*.12}{\376\377\000P\000r\000o\000b\000l\000e\000m\000\040\0001}{section*.11}% 12
\BOOKMARK [3][-]{section*.13}{\376\377\000P\000r\000o\000b\000l\000e\000m\000\040\0002}{section*.12}% 13
\BOOKMARK [3][-]{section*.14}{\376\377\000P\000r\000o\000b\000l\000e\000m\000\040\0003\000:\000\040\000A\000g\000e\000\040\000a\000n\000d\000\040\000g\000e\000n\000d\000e\000r}{section*.12}% 14
\BOOKMARK [3][-]{section*.15}{\376\377\000P\000r\000o\000b\000l\000e\000m\000\040\0004\000:\000\040\000S\000u\000b\000s\000t\000a\000n\000c\000e\000\040\000u\000s\000e}{section*.12}% 15
\BOOKMARK [3][-]{section*.16}{\376\377\000P\000r\000o\000b\000l\000e\000m\000\040\0005\000:\000\040\000S\000e\000x\000u\000a\000l\000\040\000a\000t\000t\000r\000a\000c\000t\000i\000o\000n}{section*.12}% 16
\BOOKMARK [3][-]{section*.17}{\376\377\000P\000r\000o\000b\000l\000e\000m\000\040\0006\000:\000\040\000E\000n\000g\000l\000i\000s\000h\000\040\000s\000p\000e\000a\000k\000i\000n\000g}{section*.12}% 17
\BOOKMARK [1][-]{section*.18}{\376\377\000E\000x\000a\000m\000\040\0001}{}% 18
\BOOKMARK [2][-]{section*.19}{\376\377\000P\000r\000o\000b\000l\000e\000m\000\040\0001}{section*.18}% 19
\BOOKMARK [3][-]{section*.20}{\376\377\000P\000r\000o\000b\000l\000e\000m\000\040\0002}{section*.19}% 20
\BOOKMARK [3][-]{section*.21}{\376\377\000P\000r\000o\000b\000l\000e\000m\000\040\0003}{section*.19}% 21
\BOOKMARK [3][-]{section*.22}{\376\377\000P\000r\000o\000b\000l\000e\000m\000\040\0004\000\040\000-\000\040\000A\000n\000s\000w\000e\000r\000\040\000o\000n\000l\000y\000\040\000o\000n\000e\000\040\000o\000f\000\040\000t\000h\000e\000s\000e\000\040\000\050\000a\000\040\000o\000r\000\040\000b\000\051\000.}{section*.19}% 22
\BOOKMARK [1][-]{section*.23}{\376\377\000A\000s\000s\000i\000g\000n\000m\000e\000n\000t\000\040\0003}{}% 23
\BOOKMARK [1][-]{section*.24}{\376\377\000E\000x\000a\000m\000\040\0002}{}% 24
\BOOKMARK [2][-]{section*.25}{\376\377\000D\000a\000t\000a\000\040\000d\000e\000s\000c\000r\000i\000p\000t\000i\000o\000n\000:}{section*.24}% 25
\BOOKMARK [2][-]{section*.26}{\376\377\000C\000o\000d\000e\000b\000o\000o\000k\000:}{section*.24}% 26
\BOOKMARK [3][-]{section*.27}{\376\377\000P\000r\000o\000b\000l\000e\000m\000\040\0001\000:\000\040\000E\000D\000A}{section*.26}% 27
\BOOKMARK [3][-]{section*.28}{\376\377\000P\000r\000o\000b\000l\000e\000m\000\040\0002\000:\000\040\000L\000i\000n\000e\000a\000r\000\040\000r\000e\000g\000r\000e\000s\000s\000i\000o\000n}{section*.26}% 28
\BOOKMARK [3][-]{section*.29}{\376\377\000P\000r\000o\000b\000l\000e\000m\000\040\0003\000:\000\040\000D\000a\000t\000a\000\040\000e\000t\000h\000i\000c\000s}{section*.26}% 29
\BOOKMARK [1][-]{section*.30}{\376\377\000A\000s\000s\000i\000g\000n\000m\000e\000n\000t\000\040\0004}{}% 30
\BOOKMARK [2][-]{section*.31}{\376\377\000W\000o\000r\000k\000i\000n\000g\000\040\000w\000i\000t\000h\000\040\000G\000G\000P\000l\000o\000t}{section*.30}% 31
\BOOKMARK [3][-]{section*.32}{\376\377\000D\000a\000t\000a\000\040\000V\000i\000s\000u\000a\000l\000i\000z\000a\000t\000i\000o\000n}{section*.31}% 32
